Ganache CLI v6.0.3 (ganache-core: 2.0.2)

Available Accounts
==================
(0) 0xd1071296478a2945ba8ea19002aaf99d82b1157f
(1) 0xddf62e8c253d3cf0358316eafb2ea32ca7f10fe3
(2) 0x7161228677cdb906ebf559ac0f4a814a33706116
(3) 0x03172296bdae4d592515be7b4cf73ea16f4f692f
(4) 0xe371a6fdc755f1c3bfa145bd233edf8f3dc27896
(5) 0xe8874739cc2871df8f1bd7a3cb3cebbd1fb76879
(6) 0xd3e92d7dee3d00cfb263b8ff84cdf338665983ae
(7) 0x6a0f5c1a7f2bae1f49019317e2e6ab2d1bf69178
(8) 0xbd5271e959bf9db8a7b5c0b59b637f609edd1de1
(9) 0xc0b343de9cbca2b02927580abc4dfe2e6ac94234

Private Keys
==================
(0) 9fa20350118afd42c8bcf66de13c67cba8f8ac7ece78829374c31b84d360b16e
(1) 8867f796f2e332b6ef38daff8dbc1ba7a8ad20cbb3473ffa436f8e475c734696
(2) 66989c100be78f1099cd7b20c9ff7e283825617fff7eb63cf1116da6e80aeefd
(3) 95c4385463a26e64cf163c7bd49d9c291d10f2ac8f6c817437ebbe363939af25
(4) 710e8e35a775ea0641cb2d11a37606fe01d7934b6ab6d1459c76e82f5d632aed
(5) a33b93c566dfd7ca6c90118a9f6cabbaeedc6690ae4e9eafc596353b8bc7e717
(6) c896411d38c3c7c97e86a6769208a1ff740c7ed36d46049ccfdcec90666ff4a6
(7) 417043913816bdbde1ea1282001efef98b3f0a1a3768c12ba7ab6ad02ddc19dd
(8) 543ba44ff4f3b5f43bcddbdd453fa4d80b81ed0875bb6590354fd3b7f2e7f19a
(9) e304a3f9823eeb7c41cf0b92b1ed80cf4c4b621a0bbb3814edde9e6cc679c2f8

HD Wallet
==================
Mnemonic:      alien able tent that swear will whip narrow chronic tower announce over
Base HD Path:  m/44'/60'/0'/0/{account_index}

Listening on localhost:8545
net_version
eth_accounts
eth_accounts
eth_accounts
net_version
net_version
eth_sendTransaction

  Transaction: 0xf7e264b4f4fbe2f6fb214d1aabe129f5c2ef4dc3a18a5588396a2fdfd1d86624
  Contract created: 0x39041f3d1113b062a2cc724fed7a8e0600982948
  Gas usage: 202027
  Block Number: 1
  Block Time: Tue Mar 13 2018 16:07:59 GMT-0400 (EDT)

eth_newBlockFilter
eth_getFilterChanges
eth_getTransactionReceipt
eth_getCode
eth_uninstallFilter
eth_sendTransaction

  Transaction: 0x095a263ed8100634e635d2c13676ac6610484c3a0ca1b9c8b0dbaa3ab38c2a48
  Gas usage: 41984
  Block Number: 2
  Block Time: Tue Mar 13 2018 16:07:59 GMT-0400 (EDT)

eth_getTransactionReceipt
eth_accounts
net_version
net_version
eth_sendTransaction

  Transaction: 0x83a5367bf38700025ac4d56d3cba4a7d49c85560efc1f235ea7fb1831f93184e
  Contract created: 0x2cf1ecfab5961225719c9aa353dd257739c707ce
  Gas usage: 91472
  Block Number: 3
  Block Time: Tue Mar 13 2018 16:07:59 GMT-0400 (EDT)

eth_newBlockFilter
eth_getFilterChanges
eth_getTransactionReceipt
eth_getCode
eth_uninstallFilter
net_version
net_version
eth_sendTransaction

  Transaction: 0xb8efcfb279052c6cfe63b192bc4fcc9eb5407e2b654556c266028e6646b13471
  Contract created: 0x538a6a428cf954a782b0f72dc8a193dcdfdfaae7
  Gas usage: 1833789
  Block Number: 4
  Block Time: Tue Mar 13 2018 16:07:59 GMT-0400 (EDT)

eth_newBlockFilter
eth_getFilterChanges
eth_getTransactionReceipt
eth_getCode
eth_uninstallFilter
eth_sendTransaction

  Transaction: 0x2b18e9ac10dbb8cff21205432444957c2bbfe73e4a375a55854116ef3a74f5c6
  Gas usage: 26984
  Block Number: 5
  Block Time: Tue Mar 13 2018 16:08:00 GMT-0400 (EDT)

eth_getTransactionReceipt
eth_accounts
eth_accounts
eth_sendTransaction
eth_sendTransaction

  Transaction: 0xec60ce1666cc2f1cd52dc03015d89ee8f46bb9603cc7763d22049bcb83935e89
  Gas usage: 114430
  Block Number: 6
  Block Time: Tue Mar 13 2018 16:08:00 GMT-0400 (EDT)

eth_getTransactionReceipt

  Transaction: 0x356999bd7dd2b1a43cce9dc3e7d1125add314138b63ff95d37283cf95ad17ebf
  Gas usage: 30724
  Block Number: 7
  Block Time: Tue Mar 13 2018 16:08:00 GMT-0400 (EDT)

eth_getTransactionReceipt
